2016-08-20 01:57:36 INFO  EtmMonitor:60 - JETM 1.2.3 started.
2016-08-20 01:57:36 INFO  etm-raw-data:64 - measurementPoint=<SimpleJetmBenchmark:twoMultiplyTwo>, parent=<>, transactionTime=<0.028>, recordingTime=<1471647456428>
2016-08-20 01:57:41 INFO  etm-raw-data:64 - measurementPoint=<CrawlerBenchmark:parseSiteAndCalculateLength>, parent=<>, transactionTime=<4734.415>, recordingTime=<1471647456469>
2016-08-20 01:57:41 INFO  etm-raw-data:64 - measurementPoint=<CrawlerBenchmark:parseSiteAndCalculateLength>, parent=<>, transactionTime=<4735.972>, recordingTime=<1471647456524>
2016-08-20 01:57:41 INFO  etm-raw-data:64 - measurementPoint=<CrawlerBenchmark:parseSiteAndCalculateLength>, parent=<>, transactionTime=<4796.192>, recordingTime=<1471647456478>
2016-08-20 01:57:41 INFO  etm-raw-data:64 - measurementPoint=<CrawlerBenchmark:parseSiteAndCalculateLength>, parent=<>, transactionTime=<4822.066>, recordingTime=<1471647456489>
2016-08-20 01:57:41 INFO  etm-raw-data:64 - measurementPoint=<CrawlerBenchmark:parseSiteAndCalculateLength>, parent=<>, transactionTime=<4830.428>, recordingTime=<1471647456493>
2016-08-20 01:57:41 INFO  etm-raw-data:64 - measurementPoint=<CrawlerBenchmark:parseSiteAndCalculateLength>, parent=<>, transactionTime=<4878.960>, recordingTime=<1471647456515>
2016-08-20 01:57:41 INFO  etm-raw-data:64 - measurementPoint=<CrawlerBenchmark:parseSiteAndCalculateLength>, parent=<>, transactionTime=<4965.012>, recordingTime=<1471647456472>
2016-08-20 01:57:41 INFO  etm-raw-data:64 - measurementPoint=<CrawlerBenchmark:parseSiteAndCalculateLength>, parent=<>, transactionTime=<5176.887>, recordingTime=<1471647456500>
2016-08-20 01:57:41 INFO  etm-raw-data:64 - measurementPoint=<CrawlerBenchmark:crawlerConncurentBenchmark>, parent=<>, transactionTime=<5561.853>, recordingTime=<1471647456432>
2016-08-20 01:57:43 INFO  etm-raw-data:64 - measurementPoint=<CrawlerBenchmark:parseSiteAndCalculateLength>, parent=<>, transactionTime=<1167.279>, recordingTime=<1471647461997>
2016-08-20 01:57:43 INFO  etm-raw-data:64 - measurementPoint=<CrawlerBenchmark:parseSiteAndCalculateLength>, parent=<>, transactionTime=<1307.958>, recordingTime=<1471647462007>
2016-08-20 01:57:43 INFO  etm-raw-data:64 - measurementPoint=<CrawlerBenchmark:parseSiteAndCalculateLength>, parent=<>, transactionTime=<1344.365>, recordingTime=<1471647462002>
2016-08-20 01:57:43 INFO  etm-raw-data:64 - measurementPoint=<CrawlerBenchmark:parseSiteAndCalculateLength>, parent=<>, transactionTime=<1365.341>, recordingTime=<1471647462005>
2016-08-20 01:57:43 INFO  etm-raw-data:64 - measurementPoint=<CrawlerBenchmark:parseSiteAndCalculateLength>, parent=<>, transactionTime=<1457.500>, recordingTime=<1471647461999>
2016-08-20 01:57:43 INFO  etm-raw-data:64 - measurementPoint=<CrawlerBenchmark:parseSiteAndCalculateLength>, parent=<>, transactionTime=<1492.089>, recordingTime=<1471647462001>
2016-08-20 01:57:43 INFO  etm-raw-data:64 - measurementPoint=<CrawlerBenchmark:parseSiteAndCalculateLength>, parent=<>, transactionTime=<1524.756>, recordingTime=<1471647461995>
2016-08-20 01:57:43 INFO  etm-raw-data:64 - measurementPoint=<CrawlerBenchmark:parseSiteAndCalculateLength>, parent=<>, transactionTime=<1555.976>, recordingTime=<1471647461998>
2016-08-20 01:57:43 INFO  etm-raw-data:64 - measurementPoint=<CrawlerBenchmark:crawlerConncurentBenchmark>, parent=<>, transactionTime=<1629.629>, recordingTime=<1471647461995>
2016-08-20 01:57:44 INFO  etm-raw-data:64 - measurementPoint=<CrawlerBenchmark:parseSiteAndCalculateLength>, parent=<>, transactionTime=<1223.046>, recordingTime=<1471647463686>
2016-08-20 01:57:44 INFO  etm-raw-data:64 - measurementPoint=<CrawlerBenchmark:parseSiteAndCalculateLength>, parent=<>, transactionTime=<1257.692>, recordingTime=<1471647463656>
2016-08-20 01:57:44 INFO  etm-raw-data:64 - measurementPoint=<CrawlerBenchmark:parseSiteAndCalculateLength>, parent=<>, transactionTime=<1344.118>, recordingTime=<1471647463640>
2016-08-20 01:57:44 INFO  etm-raw-data:64 - measurementPoint=<CrawlerBenchmark:parseSiteAndCalculateLength>, parent=<>, transactionTime=<1279.113>, recordingTime=<1471647463706>
2016-08-20 01:57:45 INFO  etm-raw-data:64 - measurementPoint=<CrawlerBenchmark:parseSiteAndCalculateLength>, parent=<>, transactionTime=<1355.189>, recordingTime=<1471647463689>
2016-08-20 01:57:45 INFO  etm-raw-data:64 - measurementPoint=<CrawlerBenchmark:parseSiteAndCalculateLength>, parent=<>, transactionTime=<1563.765>, recordingTime=<1471647463630>
2016-08-20 01:57:45 INFO  etm-raw-data:64 - measurementPoint=<CrawlerBenchmark:parseSiteAndCalculateLength>, parent=<>, transactionTime=<1623.329>, recordingTime=<1471647463638>
2016-08-20 01:57:45 INFO  etm-raw-data:64 - measurementPoint=<CrawlerBenchmark:parseSiteAndCalculateLength>, parent=<>, transactionTime=<1632.790>, recordingTime=<1471647463647>
2016-08-20 01:57:45 INFO  etm-raw-data:64 - measurementPoint=<CrawlerBenchmark:crawlerConncurentBenchmark>, parent=<>, transactionTime=<1673.396>, recordingTime=<1471647463625>
2016-08-20 01:57:46 INFO  etm-raw-data:64 - measurementPoint=<CrawlerBenchmark:parseSiteAndCalculateLength>, parent=<>, transactionTime=<1052.998>, recordingTime=<1471647465314>
2016-08-20 01:57:46 INFO  etm-raw-data:64 - measurementPoint=<CrawlerBenchmark:parseSiteAndCalculateLength>, parent=<>, transactionTime=<1196.579>, recordingTime=<1471647465303>
2016-08-20 01:57:46 INFO  etm-raw-data:64 - measurementPoint=<CrawlerBenchmark:parseSiteAndCalculateLength>, parent=<>, transactionTime=<1262.765>, recordingTime=<1471647465302>
2016-08-20 01:57:46 INFO  etm-raw-data:64 - measurementPoint=<CrawlerBenchmark:parseSiteAndCalculateLength>, parent=<>, transactionTime=<1337.509>, recordingTime=<1471647465303>
2016-08-20 01:57:46 INFO  etm-raw-data:64 - measurementPoint=<CrawlerBenchmark:parseSiteAndCalculateLength>, parent=<>, transactionTime=<1355.160>, recordingTime=<1471647465300>
2016-08-20 01:57:46 INFO  etm-raw-data:64 - measurementPoint=<CrawlerBenchmark:parseSiteAndCalculateLength>, parent=<>, transactionTime=<1435.621>, recordingTime=<1471647465306>
2016-08-20 01:57:46 INFO  etm-raw-data:64 - measurementPoint=<CrawlerBenchmark:parseSiteAndCalculateLength>, parent=<>, transactionTime=<1445.502>, recordingTime=<1471647465301>
2016-08-20 01:57:46 INFO  etm-raw-data:64 - measurementPoint=<CrawlerBenchmark:parseSiteAndCalculateLength>, parent=<>, transactionTime=<1602.804>, recordingTime=<1471647465304>
2016-08-20 01:57:46 INFO  etm-raw-data:64 - measurementPoint=<CrawlerBenchmark:crawlerConncurentBenchmark>, parent=<>, transactionTime=<1633.341>, recordingTime=<1471647465299>
2016-08-20 01:57:48 INFO  etm-raw-data:64 - measurementPoint=<CrawlerBenchmark:parseSiteAndCalculateLength>, parent=<>, transactionTime=<1111.698>, recordingTime=<1471647466934>
2016-08-20 01:57:48 INFO  etm-raw-data:64 - measurementPoint=<CrawlerBenchmark:parseSiteAndCalculateLength>, parent=<>, transactionTime=<1185.503>, recordingTime=<1471647466946>
2016-08-20 01:57:48 INFO  etm-raw-data:64 - measurementPoint=<CrawlerBenchmark:parseSiteAndCalculateLength>, parent=<>, transactionTime=<1215.977>, recordingTime=<1471647466940>
2016-08-20 01:57:48 INFO  etm-raw-data:64 - measurementPoint=<CrawlerBenchmark:parseSiteAndCalculateLength>, parent=<>, transactionTime=<1259.316>, recordingTime=<1471647466944>
2016-08-20 01:57:48 INFO  etm-raw-data:64 - measurementPoint=<CrawlerBenchmark:parseSiteAndCalculateLength>, parent=<>, transactionTime=<1287.072>, recordingTime=<1471647466940>
2016-08-20 01:57:48 INFO  etm-raw-data:64 - measurementPoint=<CrawlerBenchmark:parseSiteAndCalculateLength>, parent=<>, transactionTime=<1345.661>, recordingTime=<1471647466947>
2016-08-20 01:57:48 INFO  etm-raw-data:64 - measurementPoint=<CrawlerBenchmark:parseSiteAndCalculateLength>, parent=<>, transactionTime=<1457.958>, recordingTime=<1471647466935>
2016-08-20 01:57:48 INFO  etm-raw-data:64 - measurementPoint=<CrawlerBenchmark:parseSiteAndCalculateLength>, parent=<>, transactionTime=<1536.886>, recordingTime=<1471647466938>
2016-08-20 01:57:48 INFO  etm-raw-data:64 - measurementPoint=<CrawlerBenchmark:crawlerConncurentBenchmark>, parent=<>, transactionTime=<1595.174>, recordingTime=<1471647466933>
2016-08-20 01:57:48 INFO  EtmMonitor:60 - Shutting down JETM.
